<?xml version="1.0" encoding="UTF-8"?>
<testsuite xmlns:xsi="http://www.w3.org/2001/XMLSchema-instance" xsi:noNamespaceSchemaLocation="https://maven.apache.org/surefire/maven-surefire-plugin/xsd/surefire-test-report.xsd" version="3.0.2" name="com.pm.client.ClientApplicationTests" time="3.345" tests="1" errors="0" skipped="0" failures="0" flakes="0">
  <properties>
[...]
</properties>
  <testcase name="contextLoads" classname="com.pm.client.ClientApplicationTests" time="0.763">
    <system-out><![CDATA[21:27:15.093 [main] INFO org.springframework.test.context.support.AnnotationConfigContextLoaderUtils -- Could not detect default configuration classes for test class [com.pm.client.ClientApplicationTests]: ClientApplicationTests does not declare any static, non-private, non-final, nested classes annotated with @Configuration.
21:27:15.293 [main] INFO org.springframework.boot.test.context.SpringBootTestContextBootstrapper -- Found @SpringBootConfiguration com.pm.client.ClientApplication for test class com.pm.client.ClientApplicationTests
21:27:15.407 [main] INFO org.springframework.test.context.support.AnnotationConfigContextLoaderUtils -- Could not detect default configuration classes for test class [com.pm.client.ClientApplicationTests]: ClientApplicationTests does not declare any static, non-private, non-final, nested classes annotated with @Configuration.
21:27:15.409 [main] INFO org.springframework.boot.test.context.SpringBootTestContextBootstrapper -- Found @SpringBootConfiguration com.pm.client.ClientApplication for test class com.pm.client.ClientApplicationTests

  .   ____          _            __ _ _
 /\\ / ___'_ __ _ _(_)_ __  __ _ \ \ \ \
( ( )\___ | '_ | '_| | '_ \/ _` | \ \ \ \
 \\/  ___)| |_)| | | | | || (_| |  ) ) ) )
  '  |____| .__|_| |_|_| |_\__, | / / / /
 =========|_|==============|___/=/_/_/_/

 :: Spring Boot ::                (v4.0.6)

2026-06-13T21:27:15.850+07:00  INFO 25532 --- [vdt-client] [           main] com.pm.client.ClientApplicationTests     : Starting ClientApplicationTests using Java 17.0.12 with PID 25532 (started by Admin in D:\VDT\vdt-share-lib\vdt-client)
2026-06-13T21:27:15.853+07:00  INFO 25532 --- [vdt-client] [           main] com.pm.client.ClientApplicationTests     : No active profile set, falling back to 1 default profile: "default"
2026-06-13T21:27:16.775+07:00  INFO 25532 --- [vdt-client] [           main] com.pm.client.ClientApplicationTests     : Started ClientApplicationTests in 1.276 seconds (process running for 2.66)
2026-06-13T21:27:16.781+07:00  INFO 25532 --- [vdt-client] [           main] com.pm.client.ClientRunner               : === VDCLIENT g?i order lên topic 'demo.orders' ===
2026-06-13T21:27:16.782+07:00  INFO 25532 --- [vdt-client] [           main] com.pm.client.ClientRunner               : Payload: {"id":1,"item":"sách l?p trình","quantity":2,"price":150000}
2026-06-13T21:27:16.783+07:00  INFO 25532 --- [vdt-client] [           main] com.pm.client.ClientRunner               : Security headers:
2026-06-13T21:27:16.783+07:00  INFO 25532 --- [vdt-client] [           main] com.pm.client.ClientRunner               :   X-Client-Id      : 7bb8249d-95ae-4f94-bc9d-621cf8edd588
2026-06-13T21:27:16.783+07:00  INFO 25532 --- [vdt-client] [           main] com.pm.client.ClientRunner               :   X-Key-Id         : key-e6c49436
2026-06-13T21:27:16.783+07:00  INFO 25532 --- [vdt-client] [           main] com.pm.client.ClientRunner               :   X-Api-Key        : vdt_live_ezCxtEDrXlL0R9XwuWQjqw0osT_7bvnd8VGo_3bPtIc
2026-06-13T21:27:16.783+07:00  INFO 25532 --- [vdt-client] [           main] com.pm.client.ClientRunner               :   X-Signing-Secret : vdt_live_ezCxtEDrXlL0R9XwuWQjqw0osT_7bvnd8VGo_3bPtIc
2026-06-13T21:27:16.784+07:00  INFO 25532 --- [vdt-client] [           main] com.pm.client.ClientRunner               :   X-Timestamp      : (auto-generated)
2026-06-13T21:27:16.784+07:00  INFO 25532 --- [vdt-client] [           main] com.pm.client.ClientRunner               :   X-Nonce          : (auto-generated)
2026-06-13T21:27:16.784+07:00  INFO 25532 --- [vdt-client] [           main] com.pm.client.ClientRunner               :   X-Signature      : (auto-generated from HMAC-SHA256)
2026-06-13T21:27:16.784+07:00  INFO 25532 --- [vdt-client] [           main] com.pm.client.ClientRunner               :   X-Correlation-Id : (auto-generated)
2026-06-13T21:27:16.928+07:00  INFO 25532 --- [vdt-client] [           main] o.a.kafka.common.config.AbstractConfig   : ProducerConfig values: 
	acks = -1
	batch.size = 16384
	bootstrap.servers = [localhost:9092]
	buffer.memory = 33554432
	client.dns.lookup = use_all_dns_ips
	client.id = vdt-client-producer-1
	compression.gzip.level = -1
	compression.lz4.level = 9
	compression.type = none
	compression.zstd.level = 3
	connections.max.idle.ms = 540000
	delivery.timeout.ms = 120000
	enable.idempotence = true
	enable.metrics.push = true
	interceptor.classes = []
	key.serializer = class org.apache.kafka.common.serialization.StringSerializer
	linger.ms = 5
	max.block.ms = 60000
	max.in.flight.requests.per.connection = 5
	max.request.size = 1048576
	metadata.max.age.ms = 300000
	metadata.max.idle.ms = 300000
	metadata.recovery.rebootstrap.trigger.ms = 300000
	metadata.recovery.strategy = rebootstrap
	metric.reporters = [org.apache.kafka.common.metrics.JmxReporter]
	metrics.num.samples = 2
	metrics.recording.level = INFO
	metrics.sample.window.ms = 30000
	partitioner.adaptive.partitioning.enable = true
	partitioner.availability.timeout.ms = 0
	partitioner.class = null
	partitioner.ignore.keys = false
	receive.buffer.bytes = 32768
	reconnect.backoff.max.ms = 1000
	reconnect.backoff.ms = 50
	request.timeout.ms = 30000
	retries = 2147483647
	retry.backoff.max.ms = 1000
	retry.backoff.ms = 100
	sasl.client.callback.handler.class = null
	sasl.jaas.config = null
	sasl.kerberos.kinit.cmd = /usr/bin/kinit
	sasl.kerberos.min.time.before.relogin = 60000
	sasl.kerberos.service.name = null
	sasl.kerberos.ticket.renew.jitter = 0.05
	sasl.kerberos.ticket.renew.window.factor = 0.8
	sasl.login.callback.handler.class = null
	sasl.login.class = null
	sasl.login.connect.timeout.ms = null
	sasl.login.read.timeout.ms = null
	sasl.login.refresh.buffer.seconds = 300
	sasl.login.refresh.min.period.seconds = 60
	sasl.login.refresh.window.factor = 0.8
	sasl.login.refresh.window.jitter = 0.05
	sasl.login.retry.backoff.max.ms = 10000
	sasl.login.retry.backoff.ms = 100
	sasl.mechanism = GSSAPI
	sasl.oauthbearer.assertion.algorithm = RS256
	sasl.oauthbearer.assertion.claim.aud = null
	sasl.oauthbearer.assertion.claim.exp.seconds = 300
	sasl.oauthbearer.assertion.claim.iss = null
	sasl.oauthbearer.assertion.claim.jti.include = false
	sasl.oauthbearer.assertion.claim.nbf.seconds = 60
	sasl.oauthbearer.assertion.claim.sub = null
	sasl.oauthbearer.assertion.file = null
	sasl.oauthbearer.assertion.private.key.file = null
	sasl.oauthbearer.assertion.private.key.passphrase = null
	sasl.oauthbearer.assertion.template.file = null
	sasl.oauthbearer.client.credentials.client.id = null
	sasl.oauthbearer.client.credentials.client.secret = null
	sasl.oauthbearer.clock.skew.seconds = 30
	sasl.oauthbearer.expected.audience = null
	sasl.oauthbearer.expected.issuer = null
	sasl.oauthbearer.header.urlencode = false
	sasl.oauthbearer.jwks.endpoint.refresh.ms = 3600000
	sasl.oauthbearer.jwks.endpoint.retry.backoff.max.ms = 10000
	sasl.oauthbearer.jwks.endpoint.retry.backoff.ms = 100
	sasl.oauthbearer.jwks.endpoint.url = null
	sasl.oauthbearer.jwt.retriever.class = class org.apache.kafka.common.security.oauthbearer.DefaultJwtRetriever
	sasl.oauthbearer.jwt.validator.class = class org.apache.kafka.common.security.oauthbearer.DefaultJwtValidator
	sasl.oauthbearer.scope = null
	sasl.oauthbearer.scope.claim.name = scope
	sasl.oauthbearer.sub.claim.name = sub
	sasl.oauthbearer.token.endpoint.url = null
	security.protocol = PLAINTEXT
	security.providers = null
	send.buffer.bytes = 131072
	socket.connection.setup.timeout.max.ms = 30000
	socket.connection.setup.timeout.ms = 10000
	ssl.cipher.suites = null
	ssl.enabled.protocols = [TLSv1.2, TLSv1.3]
	ssl.endpoint.identification.algorithm = https
	ssl.engine.factory.class = null
	ssl.key.password = null
	ssl.keymanager.algorithm = SunX509
	ssl.keystore.certificate.chain = null
	ssl.keystore.key = null
	ssl.keystore.location = null
	ssl.keystore.password = null
	ssl.keystore.type = JKS
	ssl.protocol = TLSv1.3
	ssl.provider = null
	ssl.secure.random.implementation = null
	ssl.trustmanager.algorithm = PKIX
	ssl.truststore.certificates = null
	ssl.truststore.location = null
	ssl.truststore.password = null
	ssl.truststore.type = JKS
	transaction.timeout.ms = 60000
	transaction.two.phase.commit.enable = false
	transactional.id = null
	value.serializer = class org.apache.kafka.common.serialization.StringSerializer

2026-06-13T21:27:16.959+07:00  INFO 25532 --- [vdt-client] [           main] o.a.k.c.t.i.KafkaMetricsCollector        : initializing Kafka metrics collector
2026-06-13T21:27:17.028+07:00  INFO 25532 --- [vdt-client] [           main] o.a.k.clients.producer.KafkaProducer     : [Producer clientId=vdt-client-producer-1] Instantiated an idempotent producer.
2026-06-13T21:27:17.087+07:00  INFO 25532 --- [vdt-client] [           main] o.a.kafka.common.utils.AppInfoParser     : Kafka version: 4.1.2
2026-06-13T21:27:17.087+07:00  INFO 25532 --- [vdt-client] [           main] o.a.kafka.common.utils.AppInfoParser     : Kafka commitId: c82fd9b934b4c1e6
2026-06-13T21:27:17.087+07:00  INFO 25532 --- [vdt-client] [           main] o.a.kafka.common.utils.AppInfoParser     : Kafka startTimeMs: 1781360837084
2026-06-13T21:27:17.404+07:00  INFO 25532 --- [vdt-client] [ient-producer-1] org.apache.kafka.clients.Metadata        : [Producer clientId=vdt-client-producer-1] Cluster ID: vdt-shared-lib-demo-cluster
2026-06-13T21:27:17.405+07:00  INFO 25532 --- [vdt-client] [ient-producer-1] o.a.k.c.p.internals.TransactionManager   : [Producer clientId=vdt-client-producer-1] ProducerId set to 1008 with epoch 0
2026-06-13T21:27:17.420+07:00  INFO 25532 --- [vdt-client] [           main] com.pm.client.ClientRunner               : === ?ã g?i, ki?m tra log bên vdt-demo ?? xem k?t qu? ===
2026-06-13T21:27:17.450+07:00  INFO 25532 --- [vdt-client] [ient-producer-1] com.pm.client.KafkaClientService         : Sent order to topic=demo.orders, partition=0, offset=4
]]></system-out>
  </testcase>
</testsuite>