<?xml version="1.0" encoding="UTF-8"?>
<testsuite xmlns:xsi="http://www.w3.org/2001/XMLSchema-instance" xsi:noNamespaceSchemaLocation="https://maven.apache.org/surefire/maven-surefire-plugin/xsd/surefire-test-report.xsd" version="3.0.2" name="com.pm.demo.DemoApplicationTests" time="12.233" tests="1" errors="0" skipped="0" failures="0" flakes="0">
  <properties>
[...]
</properties>
  <testcase name="contextLoads" classname="com.pm.demo.DemoApplicationTests" time="0.052">
    <system-out><![CDATA[21:12:33.524 [main] INFO org.springframework.boot.test.context.SpringBootTestContextBootstrapper -- Found @SpringBootConfiguration com.pm.demo.DemoApplication for test class com.pm.demo.DemoApplicationTests
21:12:33.679 [main] INFO org.springframework.boot.test.context.SpringBootTestContextBootstrapper -- Found @SpringBootConfiguration com.pm.demo.DemoApplication for test class com.pm.demo.DemoApplicationTests

  .   ____          _            __ _ _
 /\\ / ___'_ __ _ _(_)_ __  __ _ \ \ \ \
( ( )\___ | '_ | '_| | '_ \/ _` | \ \ \ \
 \\/  ___)| |_)| | | | | || (_| |  ) ) ) )
  '  |____| .__|_| |_|_| |_\__, | / / / /
 =========|_|==============|___/=/_/_/_/

 :: Spring Boot ::                (v4.0.6)

2026-06-14T21:12:34.270+07:00  INFO 7808 --- [order-service] [           main] com.pm.demo.DemoApplicationTests         : Starting DemoApplicationTests using Java 17.0.12 with PID 7808 (started by Admin in D:\VDT\vdt-share-lib\vdt-demo)
2026-06-14T21:12:34.274+07:00  INFO 7808 --- [order-service] [           main] com.pm.demo.DemoApplicationTests         : No active profile set, falling back to 1 default profile: "default"
2026-06-14T21:12:35.379+07:00  INFO 7808 --- [order-service] [           main] .s.d.r.c.RepositoryConfigurationDelegate : Multiple Spring Data modules found, entering strict repository configuration mode
2026-06-14T21:12:35.383+07:00  INFO 7808 --- [order-service] [           main] .s.d.r.c.RepositoryConfigurationDelegate : Bootstrapping Spring Data Redis repositories in DEFAULT mode.
2026-06-14T21:12:35.432+07:00  INFO 7808 --- [order-service] [           main] .s.d.r.c.RepositoryConfigurationDelegate : Finished Spring Data repository scanning in 21 ms. Found 0 Redis repository interfaces.
2026-06-14T21:12:35.888+07:00  WARN 7808 --- [order-service] [           main] trationDelegate$BeanPostProcessorChecker : Bean 'com.pm.sharedlib.config.VdtShareAutoConfiguration' of type [com.pm.sharedlib.config.VdtShareAutoConfiguration] is not eligible for getting processed by all BeanPostProcessors (for example: not eligible for auto-proxying). The currently created BeanPostProcessor [mqSecurityKafkaFactoryBeanPostProcessor] is declared through a non-static factory method on that class; consider declaring it as static instead.
2026-06-14T21:12:35.977+07:00  WARN 7808 --- [order-service] [           main] trationDelegate$BeanPostProcessorChecker : Bean 'endpointScanner' of type [com.pm.sharedlib.endpoint.EndpointScanner] is not eligible for getting processed by all BeanPostProcessors (for example: not eligible for auto-proxying). Is this bean getting eagerly injected/applied to a currently created BeanPostProcessor [mqSecurityKafkaFactoryBeanPostProcessor]? Check the corresponding BeanPostProcessor declaration and its dependencies/advisors. If this bean does not have to be post-processed, declare it with ROLE_INFRASTRUCTURE.
2026-06-14T21:12:36.158+07:00  WARN 7808 --- [order-service] [           main] trationDelegate$BeanPostProcessorChecker : Bean 'objectMapper' of type [com.fasterxml.jackson.databind.ObjectMapper] is not eligible for getting processed by all BeanPostProcessors (for example: not eligible for auto-proxying). Is this bean getting eagerly injected/applied to a currently created BeanPostProcessor [mqSecurityKafkaFactoryBeanPostProcessor]? Check the corresponding BeanPostProcessor declaration and its dependencies/advisors. If this bean does not have to be post-processed, declare it with ROLE_INFRASTRUCTURE.
2026-06-14T21:12:36.234+07:00  WARN 7808 --- [order-service] [           main] trationDelegate$BeanPostProcessorChecker : Bean 'vdt.share-com.pm.sharedlib.config.VdtShareProperties' of type [com.pm.sharedlib.config.VdtShareProperties] is not eligible for getting processed by all BeanPostProcessors (for example: not eligible for auto-proxying). Is this bean getting eagerly injected/applied to a currently created BeanPostProcessor [mqSecurityKafkaFactoryBeanPostProcessor]? Check the corresponding BeanPostProcessor declaration and its dependencies/advisors. If this bean does not have to be post-processed, declare it with ROLE_INFRASTRUCTURE.
2026-06-14T21:12:36.241+07:00  WARN 7808 --- [order-service] [           main] trationDelegate$BeanPostProcessorChecker : Bean 'endpointManifestStore' of type [com.pm.sharedlib.endpoint.EndpointManifestStore] is not eligible for getting processed by all BeanPostProcessors (for example: not eligible for auto-proxying). Is this bean getting eagerly injected/applied to a currently created BeanPostProcessor [mqSecurityKafkaFactoryBeanPostProcessor]? Check the corresponding BeanPostProcessor declaration and its dependencies/advisors. If this bean does not have to be post-processed, declare it with ROLE_INFRASTRUCTURE.
2026-06-14T21:12:36.246+07:00  WARN 7808 --- [order-service] [           main] trationDelegate$BeanPostProcessorChecker : Bean 'endpointRegistry' of type [com.pm.sharedlib.endpoint.EndpointRegistry] is not eligible for getting processed by all BeanPostProcessors (for example: not eligible for auto-proxying). Is this bean getting eagerly injected/applied to a currently created BeanPostProcessor [mqSecurityKafkaFactoryBeanPostProcessor]? Check the corresponding BeanPostProcessor declaration and its dependencies/advisors. If this bean does not have to be post-processed, declare it with ROLE_INFRASTRUCTURE.
2026-06-14T21:12:36.250+07:00  WARN 7808 --- [order-service] [           main] trationDelegate$BeanPostProcessorChecker : Bean 'demoApplicationTests.TestConfig' of type [com.pm.demo.DemoApplicationTests$TestConfig$$SpringCGLIB$$0] is not eligible for getting processed by all BeanPostProcessors (for example: not eligible for auto-proxying). Is this bean getting eagerly injected/applied to a currently created BeanPostProcessor [mqSecurityKafkaFactoryBeanPostProcessor]? Check the corresponding BeanPostProcessor declaration and its dependencies/advisors. If this bean does not have to be post-processed, declare it with ROLE_INFRASTRUCTURE.
2026-06-14T21:12:37.612+07:00  WARN 7808 --- [order-service] [           main] trationDelegate$BeanPostProcessorChecker : Bean 'stringRedisTemplate' of type [org.springframework.data.redis.core.StringRedisTemplate] is not eligible for getting processed by all BeanPostProcessors (for example: not eligible for auto-proxying). Is this bean getting eagerly injected/applied to a currently created BeanPostProcessor [mqSecurityKafkaFactoryBeanPostProcessor]? Check the corresponding BeanPostProcessor declaration and its dependencies/advisors. If this bean does not have to be post-processed, declare it with ROLE_INFRASTRUCTURE.
2026-06-14T21:12:37.656+07:00  WARN 7808 --- [order-service] [           main] trationDelegate$BeanPostProcessorChecker : Bean 'securitySettingsStore' of type [com.pm.sharedlib.runtime.SecuritySettingsStore] is not eligible for getting processed by all BeanPostProcessors (for example: not eligible for auto-proxying). Is this bean getting eagerly injected/applied to a currently created BeanPostProcessor [mqSecurityKafkaFactoryBeanPostProcessor]? Check the corresponding BeanPostProcessor declaration and its dependencies/advisors. If this bean does not have to be post-processed, declare it with ROLE_INFRASTRUCTURE.
2026-06-14T21:12:37.665+07:00  WARN 7808 --- [order-service] [           main] trationDelegate$BeanPostProcessorChecker : Bean 'accessPolicyEvaluator' of type [com.pm.sharedlib.runtime.AccessPolicyEvaluator] is not eligible for getting processed by all BeanPostProcessors (for example: not eligible for auto-proxying). Is this bean getting eagerly injected/applied to a currently created BeanPostProcessor [mqSecurityKafkaFactoryBeanPostProcessor]? Check the corresponding BeanPostProcessor declaration and its dependencies/advisors. If this bean does not have to be post-processed, declare it with ROLE_INFRASTRUCTURE.
2026-06-14T21:12:37.677+07:00  WARN 7808 --- [order-service] [           main] trationDelegate$BeanPostProcessorChecker : Bean 'signingSecretService' of type [com.pm.sharedlib.runtime.SigningSecretService] is not eligible for getting processed by all BeanPostProcessors (for example: not eligible for auto-proxying). Is this bean getting eagerly injected/applied to a currently created BeanPostProcessor [mqSecurityKafkaFactoryBeanPostProcessor]? Check the corresponding BeanPostProcessor declaration and its dependencies/advisors. If this bean does not have to be post-processed, declare it with ROLE_INFRASTRUCTURE.
2026-06-14T21:12:37.701+07:00  WARN 7808 --- [order-service] [           main] trationDelegate$BeanPostProcessorChecker : Bean 'hmacSignatureVerifier' of type [com.pm.sharedlib.runtime.HmacSignatureVerifier] is not eligible for getting processed by all BeanPostProcessors (for example: not eligible for auto-proxying). Is this bean getting eagerly injected/applied to a currently created BeanPostProcessor [mqSecurityKafkaFactoryBeanPostProcessor]? Check the corresponding BeanPostProcessor declaration and its dependencies/advisors. If this bean does not have to be post-processed, declare it with ROLE_INFRASTRUCTURE.
2026-06-14T21:12:37.713+07:00  WARN 7808 --- [order-service] [           main] trationDelegate$BeanPostProcessorChecker : Bean 'clientAuthService' of type [com.pm.sharedlib.runtime.ClientAuthService] is not eligible for getting processed by all BeanPostProcessors (for example: not eligible for auto-proxying). Is this bean getting eagerly injected/applied to a currently created BeanPostProcessor [mqSecurityKafkaFactoryBeanPostProcessor]? Check the corresponding BeanPostProcessor declaration and its dependencies/advisors. If this bean does not have to be post-processed, declare it with ROLE_INFRASTRUCTURE.
2026-06-14T21:12:37.719+07:00  WARN 7808 --- [order-service] [           main] trationDelegate$BeanPostProcessorChecker : Bean 'clientPermissionChecker' of type [com.pm.sharedlib.runtime.ClientPermissionChecker] is not eligible for getting processed by all BeanPostProcessors (for example: not eligible for auto-proxying). Is this bean getting eagerly injected/applied to a currently created BeanPostProcessor [mqSecurityKafkaFactoryBeanPostProcessor]? Check the corresponding BeanPostProcessor declaration and its dependencies/advisors. If this bean does not have to be post-processed, declare it with ROLE_INFRASTRUCTURE.
2026-06-14T21:12:37.745+07:00  WARN 7808 --- [order-service] [           main] trationDelegate$BeanPostProcessorChecker : Bean 'rateLimiter' of type [com.pm.sharedlib.runtime.RateLimiter] is not eligible for getting processed by all BeanPostProcessors (for example: not eligible for auto-proxying). Is this bean getting eagerly injected/applied to a currently created BeanPostProcessor [mqSecurityKafkaFactoryBeanPostProcessor]? Check the corresponding BeanPostProcessor declaration and its dependencies/advisors. If this bean does not have to be post-processed, declare it with ROLE_INFRASTRUCTURE.
2026-06-14T21:12:37.768+07:00  WARN 7808 --- [order-service] [           main] trationDelegate$BeanPostProcessorChecker : Bean 'exposedMqSecurityInterceptor' of type [com.pm.sharedlib.runtime.ExposedMqSecurityInterceptor] is not eligible for getting processed by all BeanPostProcessors (for example: not eligible for auto-proxying). Is this bean getting eagerly injected/applied to a currently created BeanPostProcessor [mqSecurityKafkaFactoryBeanPostProcessor]? Check the corresponding BeanPostProcessor declaration and its dependencies/advisors. If this bean does not have to be post-processed, declare it with ROLE_INFRASTRUCTURE.
2026-06-14T21:12:37.917+07:00  WARN 7808 --- [order-service] [           main] trationDelegate$BeanPostProcessorChecker : Bean 'mqSecurityErrorHandler' of type [org.springframework.kafka.listener.DefaultErrorHandler] is not eligible for getting processed by all BeanPostProcessors (for example: not eligible for auto-proxying). Is this bean getting eagerly injected/applied to a currently created BeanPostProcessor [mqSecurityKafkaFactoryBeanPostProcessor]? Check the corresponding BeanPostProcessor declaration and its dependencies/advisors. If this bean does not have to be post-processed, declare it with ROLE_INFRASTRUCTURE.
2026-06-14T21:12:43.710+07:00  INFO 7808 --- [order-service] [           main] o.a.kafka.common.config.AbstractConfig   : ConsumerConfig values: 
	allow.auto.create.topics = true
	auto.commit.interval.ms = 5000
	auto.offset.reset = earliest
	bootstrap.servers = [localhost:9092]
	check.crcs = true
	client.dns.lookup = use_all_dns_ips
	client.id = consumer-vdt-demo-1
	client.rack = 
	connections.max.idle.ms = 540000
	default.api.timeout.ms = 60000
	enable.auto.commit = false
	enable.metrics.push = true
	exclude.internal.topics = true
	fetch.max.bytes = 52428800
	fetch.max.wait.ms = 500
	fetch.min.bytes = 1
	group.id = vdt-demo
	group.instance.id = null
	group.protocol = classic
	group.remote.assignor = null
	heartbeat.interval.ms = 3000
	interceptor.classes = []
	internal.leave.group.on.close = true
	internal.throw.on.fetch.stable.offset.unsupported = false
	isolation.level = read_uncommitted
	key.deserializer = class org.apache.kafka.common.serialization.StringDeserializer
	max.partition.fetch.bytes = 1048576
	max.poll.interval.ms = 300000
	max.poll.records = 500
	metadata.max.age.ms = 300000
	metadata.recovery.rebootstrap.trigger.ms = 300000
	metadata.recovery.strategy = rebootstrap
	metric.reporters = [org.apache.kafka.common.metrics.JmxReporter]
	metrics.num.samples = 2
	metrics.recording.level = INFO
	metrics.sample.window.ms = 30000
	partition.assignment.strategy = [class org.apache.kafka.clients.consumer.RangeAssignor, class org.apache.kafka.clients.consumer.CooperativeStickyAssignor]
	receive.buffer.bytes = 65536
	reconnect.backoff.max.ms = 1000
	reconnect.backoff.ms = 50
	request.timeout.ms = 30000
	retry.backoff.max.ms = 1000
	retry.backoff.ms = 100
	sasl.client.callback.handler.class = null
	sasl.jaas.config = null
	sasl.kerberos.kinit.cmd = /usr/bin/kinit
	sasl.kerberos.min.time.before.relogin = 60000
	sasl.kerberos.service.name = null
	sasl.kerberos.ticket.renew.jitter = 0.05
	sasl.kerberos.ticket.renew.window.factor = 0.8
	sasl.login.callback.handler.class = null
	sasl.login.class = null
	sasl.login.connect.timeout.ms = null
	sasl.login.read.timeout.ms = null
	sasl.login.refresh.buffer.seconds = 300
	sasl.login.refresh.min.period.seconds = 60
	sasl.login.refresh.window.factor = 0.8
	sasl.login.refresh.window.jitter = 0.05
	sasl.login.retry.backoff.max.ms = 10000
	sasl.login.retry.backoff.ms = 100
	sasl.mechanism = GSSAPI
	sasl.oauthbearer.assertion.algorithm = RS256
	sasl.oauthbearer.assertion.claim.aud = null
	sasl.oauthbearer.assertion.claim.exp.seconds = 300
	sasl.oauthbearer.assertion.claim.iss = null
	sasl.oauthbearer.assertion.claim.jti.include = false
	sasl.oauthbearer.assertion.claim.nbf.seconds = 60
	sasl.oauthbearer.assertion.claim.sub = null
	sasl.oauthbearer.assertion.file = null
	sasl.oauthbearer.assertion.private.key.file = null
	sasl.oauthbearer.assertion.private.key.passphrase = null
	sasl.oauthbearer.assertion.template.file = null
	sasl.oauthbearer.client.credentials.client.id = null
	sasl.oauthbearer.client.credentials.client.secret = null
	sasl.oauthbearer.clock.skew.seconds = 30
	sasl.oauthbearer.expected.audience = null
	sasl.oauthbearer.expected.issuer = null
	sasl.oauthbearer.header.urlencode = false
	sasl.oauthbearer.jwks.endpoint.refresh.ms = 3600000
	sasl.oauthbearer.jwks.endpoint.retry.backoff.max.ms = 10000
	sasl.oauthbearer.jwks.endpoint.retry.backoff.ms = 100
	sasl.oauthbearer.jwks.endpoint.url = null
	sasl.oauthbearer.jwt.retriever.class = class org.apache.kafka.common.security.oauthbearer.DefaultJwtRetriever
	sasl.oauthbearer.jwt.validator.class = class org.apache.kafka.common.security.oauthbearer.DefaultJwtValidator
	sasl.oauthbearer.scope = null
	sasl.oauthbearer.scope.claim.name = scope
	sasl.oauthbearer.sub.claim.name = sub
	sasl.oauthbearer.token.endpoint.url = null
	security.protocol = PLAINTEXT
	security.providers = null
	send.buffer.bytes = 131072
	session.timeout.ms = 45000
	share.acknowledgement.mode = implicit
	socket.connection.setup.timeout.max.ms = 30000
	socket.connection.setup.timeout.ms = 10000
	ssl.cipher.suites = null
	ssl.enabled.protocols = [TLSv1.2, TLSv1.3]
	ssl.endpoint.identification.algorithm = https
	ssl.engine.factory.class = null
	ssl.key.password = null
	ssl.keymanager.algorithm = SunX509
	ssl.keystore.certificate.chain = null
	ssl.keystore.key = null
	ssl.keystore.location = null
	ssl.keystore.password = null
	ssl.keystore.type = JKS
	ssl.protocol = TLSv1.3
	ssl.provider = null
	ssl.secure.random.implementation = null
	ssl.trustmanager.algorithm = PKIX
	ssl.truststore.certificates = null
	ssl.truststore.location = null
	ssl.truststore.password = null
	ssl.truststore.type = JKS
	value.deserializer = class org.apache.kafka.common.serialization.StringDeserializer

2026-06-14T21:12:43.934+07:00  INFO 7808 --- [order-service] [           main] o.a.k.c.t.i.KafkaMetricsCollector        : initializing Kafka metrics collector
2026-06-14T21:12:44.117+07:00  INFO 7808 --- [order-service] [           main] o.a.kafka.common.config.AbstractConfig   : These configurations '[spring.json.trusted.packages]' were supplied but are not used yet.
2026-06-14T21:12:44.120+07:00  INFO 7808 --- [order-service] [           main] o.a.kafka.common.utils.AppInfoParser     : Kafka version: 4.1.2
2026-06-14T21:12:44.120+07:00  INFO 7808 --- [order-service] [           main] o.a.kafka.common.utils.AppInfoParser     : Kafka commitId: c82fd9b934b4c1e6
2026-06-14T21:12:44.120+07:00  INFO 7808 --- [order-service] [           main] o.a.kafka.common.utils.AppInfoParser     : Kafka startTimeMs: 1781446364118
2026-06-14T21:12:44.127+07:00  INFO 7808 --- [order-service] [           main] o.a.k.c.c.i.ClassicKafkaConsumer         : [Consumer clientId=consumer-vdt-demo-1, groupId=vdt-demo] Subscribed to topic(s): demo.orders
2026-06-14T21:12:44.148+07:00  INFO 7808 --- [order-service] [           main] com.pm.demo.DemoApplicationTests         : Started DemoApplicationTests in 10.375 seconds (process running for 12.167)
2026-06-14T21:12:44.496+07:00  INFO 7808 --- [order-service] [           main] c.p.s.endpoint.EndpointManifestStore     : Wrote endpoint manifest: .\.vdt-share\order-service\endpoints.json
2026-06-14T21:12:44.498+07:00  INFO 7808 --- [order-service] [           main] c.p.sharedlib.endpoint.EndpointRegistry  : Initialized endpoint registry: exposedApis=3, clientApis=7
>>> Kafka SEND: {"eventType":"SERVICE_STARTED","serviceName":"order-service","serviceUrl":"http://localhost:8082","exposedApis":[{"endpointId":"5d72dd70-cd77-4375-a3ef-23815226406a","endpointKey":"EXPOSED:HTTP:GET:/api/orders","name":"get-orders","path":"/api/orders","destinationUrl":null,"topic":null,"method":"GET","protocol":"HTTP"},{"endpointId":"7459c7df-9824-4063-8bd4-0fbfda41cbaa","endpointKey":"EXPOSED:HTTP:POST:/api/orders","name":"create-order-v2","path":"/api/orders","destinationUrl":null,"topic":null,"method":"POST","protocol":"HTTP"},{"endpointId":"c2289336-f615-41b0-b694-0b99d6e0423e","endpointKey":"EXPOSED:MQ:demo.orders:com.pm.demo.OrderMqListener#onCreateOrder","name":"create-order-mq","path":null,"destinationUrl":null,"topic":"demo.orders","method":null,"protocol":"MQ"}],"clientApis":[{"endpointId":"b9cc22c8-87cb-49ad-a293-cef474779db1","endpointKey":"CLIENT:HTTP:POST:https://partner.com/webhook","name":"notify-partner","path":null,"destinationUrl":"https://partner.com/webhook","topic":"","method":"POST","protocol":"HTTP"},{"endpointId":"9937765b-180d-4a55-86d6-525521915d5e","endpointKey":"CLIENT:MQ:vdt-client.orders","name":"publish-vdt-client-order-mq","path":null,"destinationUrl":"","topic":"vdt-client.orders","method":"","protocol":"MQ"},{"endpointId":"66ab2d62-3cba-471b-b668-6452f5adfa37","endpointKey":"CLIENT:MQ:vdt-client.orders.failure","name":"publish-vdt-client-order-mq-failure","path":null,"destinationUrl":"","topic":"vdt-client.orders.failure","method":"","protocol":"MQ"},{"endpointId":"85fb11ee-ac30-4182-aaa3-4283b3de279b","endpointKey":"CLIENT:MQ:vdt-client.orders.timeout","name":"publish-vdt-client-order-mq-timeout","path":null,"destinationUrl":"","topic":"vdt-client.orders.timeout","method":"","protocol":"MQ"},{"endpointId":"4b7e371f-5238-421e-adcb-0eb440e61bb5","endpointKey":"CLIENT:MQ:vdt-client.orders.retry","name":"publish-vdt-client-order-mq-retry","path":null,"destinationUrl":"","topic":"vdt-client.orders.retry","method":"","protocol":"MQ"},{"endpointId":"2ce9b1b7-403a-4391-81a3-f4ee809fcd1c","endpointKey":"CLIENT:HTTP:POST:http://localhost:8083/api/client/outbound/orders?failTimes=2","name":"notify-vdt-client-retry","path":null,"destinationUrl":"http://localhost:8083/api/client/outbound/orders?failTimes=2","topic":"","method":"POST","protocol":"HTTP"},{"endpointId":"0746b62f-a186-4cd9-94b5-6a899f6f2e30","endpointKey":"CLIENT:HTTP:POST:http://localhost:8083/api/client/outbound/orders","name":"notify-vdt-client","path":null,"destinationUrl":"http://localhost:8083/api/client/outbound/orders","topic":"","method":"POST","protocol":"HTTP"}]}
2026-06-14T21:12:44.585+07:00  INFO 7808 --- [order-service] [           main] o.a.kafka.common.config.AbstractConfig   : ProducerConfig values: 
	acks = -1
	batch.size = 16384
	bootstrap.servers = [localhost:9092]
	buffer.memory = 33554432
	client.dns.lookup = use_all_dns_ips
	client.id = order-service-producer-1
	compression.gzip.level = -1
	compression.lz4.level = 9
	compression.type = none
	compression.zstd.level = 3
	connections.max.idle.ms = 540000
	delivery.timeout.ms = 120000
	enable.idempotence = true
	enable.metrics.push = true
	interceptor.classes = []
	key.serializer = class org.apache.kafka.common.serialization.StringSerializer
	linger.ms = 5
	max.block.ms = 60000
	max.in.flight.requests.per.connection = 5
	max.request.size = 1048576
	metadata.max.age.ms = 300000
	metadata.max.idle.ms = 300000
	metadata.recovery.rebootstrap.trigger.ms = 300000
	metadata.recovery.strategy = rebootstrap
	metric.reporters = [org.apache.kafka.common.metrics.JmxReporter]
	metrics.num.samples = 2
	metrics.recording.level = INFO
	metrics.sample.window.ms = 30000
	partitioner.adaptive.partitioning.enable = true
	partitioner.availability.timeout.ms = 0
	partitioner.class = null
	partitioner.ignore.keys = false
	receive.buffer.bytes = 32768
	reconnect.backoff.max.ms = 1000
	reconnect.backoff.ms = 50
	request.timeout.ms = 30000
	retries = 2147483647
	retry.backoff.max.ms = 1000
	retry.backoff.ms = 100
	sasl.client.callback.handler.class = null
	sasl.jaas.config = null
	sasl.kerberos.kinit.cmd = /usr/bin/kinit
	sasl.kerberos.min.time.before.relogin = 60000
	sasl.kerberos.service.name = null
	sasl.kerberos.ticket.renew.jitter = 0.05
	sasl.kerberos.ticket.renew.window.factor = 0.8
	sasl.login.callback.handler.class = null
	sasl.login.class = null
	sasl.login.connect.timeout.ms = null
	sasl.login.read.timeout.ms = null
	sasl.login.refresh.buffer.seconds = 300
	sasl.login.refresh.min.period.seconds = 60
	sasl.login.refresh.window.factor = 0.8
	sasl.login.refresh.window.jitter = 0.05
	sasl.login.retry.backoff.max.ms = 10000
	sasl.login.retry.backoff.ms = 100
	sasl.mechanism = GSSAPI
	sasl.oauthbearer.assertion.algorithm = RS256
	sasl.oauthbearer.assertion.claim.aud = null
	sasl.oauthbearer.assertion.claim.exp.seconds = 300
	sasl.oauthbearer.assertion.claim.iss = null
	sasl.oauthbearer.assertion.claim.jti.include = false
	sasl.oauthbearer.assertion.claim.nbf.seconds = 60
	sasl.oauthbearer.assertion.claim.sub = null
	sasl.oauthbearer.assertion.file = null
	sasl.oauthbearer.assertion.private.key.file = null
	sasl.oauthbearer.assertion.private.key.passphrase = null
	sasl.oauthbearer.assertion.template.file = null
	sasl.oauthbearer.client.credentials.client.id = null
	sasl.oauthbearer.client.credentials.client.secret = null
	sasl.oauthbearer.clock.skew.seconds = 30
	sasl.oauthbearer.expected.audience = null
	sasl.oauthbearer.expected.issuer = null
	sasl.oauthbearer.header.urlencode = false
	sasl.oauthbearer.jwks.endpoint.refresh.ms = 3600000
	sasl.oauthbearer.jwks.endpoint.retry.backoff.max.ms = 10000
	sasl.oauthbearer.jwks.endpoint.retry.backoff.ms = 100
	sasl.oauthbearer.jwks.endpoint.url = null
	sasl.oauthbearer.jwt.retriever.class = class org.apache.kafka.common.security.oauthbearer.DefaultJwtRetriever
	sasl.oauthbearer.jwt.validator.class = class org.apache.kafka.common.security.oauthbearer.DefaultJwtValidator
	sasl.oauthbearer.scope = null
	sasl.oauthbearer.scope.claim.name = scope
	sasl.oauthbearer.sub.claim.name = sub
	sasl.oauthbearer.token.endpoint.url = null
	security.protocol = PLAINTEXT
	security.providers = null
	send.buffer.bytes = 131072
	socket.connection.setup.timeout.max.ms = 30000
	socket.connection.setup.timeout.ms = 10000
	ssl.cipher.suites = null
	ssl.enabled.protocols = [TLSv1.2, TLSv1.3]
	ssl.endpoint.identification.algorithm = https
	ssl.engine.factory.class = null
	ssl.key.password = null
	ssl.keymanager.algorithm = SunX509
	ssl.keystore.certificate.chain = null
	ssl.keystore.key = null
	ssl.keystore.location = null
	ssl.keystore.password = null
	ssl.keystore.type = JKS
	ssl.protocol = TLSv1.3
	ssl.provider = null
	ssl.secure.random.implementation = null
	ssl.trustmanager.algorithm = PKIX
	ssl.truststore.certificates = null
	ssl.truststore.location = null
	ssl.truststore.password = null
	ssl.truststore.type = JKS
	transaction.timeout.ms = 60000
	transaction.two.phase.commit.enable = false
	transactional.id = null
	value.serializer = class org.apache.kafka.common.serialization.StringSerializer

2026-06-14T21:12:44.590+07:00  INFO 7808 --- [order-service] [           main] o.a.k.c.t.i.KafkaMetricsCollector        : initializing Kafka metrics collector
2026-06-14T21:12:44.629+07:00  INFO 7808 --- [order-service] [           main] o.a.k.clients.producer.KafkaProducer     : [Producer clientId=order-service-producer-1] Instantiated an idempotent producer.
2026-06-14T21:12:44.680+07:00  INFO 7808 --- [order-service] [           main] o.a.kafka.common.utils.AppInfoParser     : Kafka version: 4.1.2
2026-06-14T21:12:44.680+07:00  INFO 7808 --- [order-service] [           main] o.a.kafka.common.utils.AppInfoParser     : Kafka commitId: c82fd9b934b4c1e6
2026-06-14T21:12:44.680+07:00  INFO 7808 --- [order-service] [           main] o.a.kafka.common.utils.AppInfoParser     : Kafka startTimeMs: 1781446364680
2026-06-14T21:12:45.063+07:00  INFO 7808 --- [order-service] [vice-producer-1] org.apache.kafka.clients.Metadata        : [Producer clientId=order-service-producer-1] Cluster ID: vdt-shared-lib-demo-cluster
2026-06-14T21:12:45.063+07:00  INFO 7808 --- [order-service] [ntainer#0-0-C-1] org.apache.kafka.clients.Metadata        : [Consumer clientId=consumer-vdt-demo-1, groupId=vdt-demo] Cluster ID: vdt-shared-lib-demo-cluster
2026-06-14T21:12:45.064+07:00  INFO 7808 --- [order-service] [vice-producer-1] o.a.k.c.p.internals.TransactionManager   : [Producer clientId=order-service-producer-1] ProducerId set to 1047 with epoch 0
2026-06-14T21:12:45.070+07:00  INFO 7808 --- [order-service] [ntainer#0-0-C-1] o.a.k.c.c.internals.ConsumerCoordinator  : [Consumer clientId=consumer-vdt-demo-1, groupId=vdt-demo] Discovered group coordinator localhost:9092 (id: 2147483646 rack: null isFenced: false)
2026-06-14T21:12:45.073+07:00  INFO 7808 --- [order-service] [ntainer#0-0-C-1] o.a.k.c.c.internals.ConsumerCoordinator  : [Consumer clientId=consumer-vdt-demo-1, groupId=vdt-demo] (Re-)joining group
2026-06-14T21:12:45.105+07:00  INFO 7808 --- [order-service] [ntainer#0-0-C-1] o.a.k.c.c.internals.ConsumerCoordinator  : [Consumer clientId=consumer-vdt-demo-1, groupId=vdt-demo] Request joining group due to: need to re-join with the given member-id: consumer-vdt-demo-1-d913b73e-849f-4d94-b48a-9306dcd17299
2026-06-14T21:12:45.106+07:00  INFO 7808 --- [order-service] [ntainer#0-0-C-1] o.a.k.c.c.internals.ConsumerCoordinator  : [Consumer clientId=consumer-vdt-demo-1, groupId=vdt-demo] (Re-)joining group
Sent successfully
]]></system-out>
  </testcase>
</testsuite>