<?xml version="1.0" encoding="UTF-8"?>
<testsuite xmlns:xsi="http://www.w3.org/2001/XMLSchema-instance" xsi:noNamespaceSchemaLocation="https://maven.apache.org/surefire/maven-surefire-plugin/xsd/surefire-test-report.xsd" version="3.0.2" name="com.pm.demo.DemoApplicationTests" time="7.239" tests="1" errors="0" skipped="0" failures="0" flakes="0">
  <properties>
[...]
</properties>
  <testcase name="contextLoads" classname="com.pm.demo.DemoApplicationTests" time="0.049">
    <system-out><![CDATA[18:04:06.073 [main] INFO org.springframework.boot.test.context.SpringBootTestContextBootstrapper -- Found @SpringBootConfiguration com.pm.demo.DemoApplication for test class com.pm.demo.DemoApplicationTests
18:04:06.159 [main] INFO org.springframework.boot.test.context.SpringBootTestContextBootstrapper -- Found @SpringBootConfiguration com.pm.demo.DemoApplication for test class com.pm.demo.DemoApplicationTests

  .   ____          _            __ _ _
 /\\ / ___'_ __ _ _(_)_ __  __ _ \ \ \ \
( ( )\___ | '_ | '_| | '_ \/ _` | \ \ \ \
 \\/  ___)| |_)| | | | | || (_| |  ) ) ) )
  '  |____| .__|_| |_|_| |_\__, | / / / /
 =========|_|==============|___/=/_/_/_/

 :: Spring Boot ::                (v4.0.6)

2026-06-13T18:04:06.498+07:00  INFO 27164 --- [order-service] [           main] com.pm.demo.DemoApplicationTests         : Starting DemoApplicationTests using Java 17.0.12 with PID 27164 (started by Admin in D:\VDT\vdt-share-lib\vdt-demo)
2026-06-13T18:04:06.500+07:00  INFO 27164 --- [order-service] [           main] com.pm.demo.DemoApplicationTests         : No active profile set, falling back to 1 default profile: "default"
2026-06-13T18:04:07.098+07:00  INFO 27164 --- [order-service] [           main] .s.d.r.c.RepositoryConfigurationDelegate : Multiple Spring Data modules found, entering strict repository configuration mode
2026-06-13T18:04:07.102+07:00  INFO 27164 --- [order-service] [           main] .s.d.r.c.RepositoryConfigurationDelegate : Bootstrapping Spring Data Redis repositories in DEFAULT mode.
2026-06-13T18:04:07.132+07:00  INFO 27164 --- [order-service] [           main] .s.d.r.c.RepositoryConfigurationDelegate : Finished Spring Data repository scanning in 11 ms. Found 0 Redis repository interfaces.
2026-06-13T18:04:11.662+07:00  INFO 27164 --- [order-service] [           main] o.a.kafka.common.config.AbstractConfig   : ConsumerConfig values: 
	allow.auto.create.topics = true
	auto.commit.interval.ms = 5000
	auto.offset.reset = earliest
	bootstrap.servers = [localhost:9092]
	check.crcs = true
	client.dns.lookup = use_all_dns_ips
	client.id = consumer-vdt-demo-1
	client.rack = 
	connections.max.idle.ms = 540000
	default.api.timeout.ms = 60000
	enable.auto.commit = false
	enable.metrics.push = true
	exclude.internal.topics = true
	fetch.max.bytes = 52428800
	fetch.max.wait.ms = 500
	fetch.min.bytes = 1
	group.id = vdt-demo
	group.instance.id = null
	group.protocol = classic
	group.remote.assignor = null
	heartbeat.interval.ms = 3000
	interceptor.classes = []
	internal.leave.group.on.close = true
	internal.throw.on.fetch.stable.offset.unsupported = false
	isolation.level = read_uncommitted
	key.deserializer = class org.apache.kafka.common.serialization.StringDeserializer
	max.partition.fetch.bytes = 1048576
	max.poll.interval.ms = 300000
	max.poll.records = 500
	metadata.max.age.ms = 300000
	metadata.recovery.rebootstrap.trigger.ms = 300000
	metadata.recovery.strategy = rebootstrap
	metric.reporters = [org.apache.kafka.common.metrics.JmxReporter]
	metrics.num.samples = 2
	metrics.recording.level = INFO
	metrics.sample.window.ms = 30000
	partition.assignment.strategy = [class org.apache.kafka.clients.consumer.RangeAssignor, class org.apache.kafka.clients.consumer.CooperativeStickyAssignor]
	receive.buffer.bytes = 65536
	reconnect.backoff.max.ms = 1000
	reconnect.backoff.ms = 50
	request.timeout.ms = 30000
	retry.backoff.max.ms = 1000
	retry.backoff.ms = 100
	sasl.client.callback.handler.class = null
	sasl.jaas.config = null
	sasl.kerberos.kinit.cmd = /usr/bin/kinit
	sasl.kerberos.min.time.before.relogin = 60000
	sasl.kerberos.service.name = null
	sasl.kerberos.ticket.renew.jitter = 0.05
	sasl.kerberos.ticket.renew.window.factor = 0.8
	sasl.login.callback.handler.class = null
	sasl.login.class = null
	sasl.login.connect.timeout.ms = null
	sasl.login.read.timeout.ms = null
	sasl.login.refresh.buffer.seconds = 300
	sasl.login.refresh.min.period.seconds = 60
	sasl.login.refresh.window.factor = 0.8
	sasl.login.refresh.window.jitter = 0.05
	sasl.login.retry.backoff.max.ms = 10000
	sasl.login.retry.backoff.ms = 100
	sasl.mechanism = GSSAPI
	sasl.oauthbearer.assertion.algorithm = RS256
	sasl.oauthbearer.assertion.claim.aud = null
	sasl.oauthbearer.assertion.claim.exp.seconds = 300
	sasl.oauthbearer.assertion.claim.iss = null
	sasl.oauthbearer.assertion.claim.jti.include = false
	sasl.oauthbearer.assertion.claim.nbf.seconds = 60
	sasl.oauthbearer.assertion.claim.sub = null
	sasl.oauthbearer.assertion.file = null
	sasl.oauthbearer.assertion.private.key.file = null
	sasl.oauthbearer.assertion.private.key.passphrase = null
	sasl.oauthbearer.assertion.template.file = null
	sasl.oauthbearer.client.credentials.client.id = null
	sasl.oauthbearer.client.credentials.client.secret = null
	sasl.oauthbearer.clock.skew.seconds = 30
	sasl.oauthbearer.expected.audience = null
	sasl.oauthbearer.expected.issuer = null
	sasl.oauthbearer.header.urlencode = false
	sasl.oauthbearer.jwks.endpoint.refresh.ms = 3600000
	sasl.oauthbearer.jwks.endpoint.retry.backoff.max.ms = 10000
	sasl.oauthbearer.jwks.endpoint.retry.backoff.ms = 100
	sasl.oauthbearer.jwks.endpoint.url = null
	sasl.oauthbearer.jwt.retriever.class = class org.apache.kafka.common.security.oauthbearer.DefaultJwtRetriever
	sasl.oauthbearer.jwt.validator.class = class org.apache.kafka.common.security.oauthbearer.DefaultJwtValidator
	sasl.oauthbearer.scope = null
	sasl.oauthbearer.scope.claim.name = scope
	sasl.oauthbearer.sub.claim.name = sub
	sasl.oauthbearer.token.endpoint.url = null
	security.protocol = PLAINTEXT
	security.providers = null
	send.buffer.bytes = 131072
	session.timeout.ms = 45000
	share.acknowledgement.mode = implicit
	socket.connection.setup.timeout.max.ms = 30000
	socket.connection.setup.timeout.ms = 10000
	ssl.cipher.suites = null
	ssl.enabled.protocols = [TLSv1.2, TLSv1.3]
	ssl.endpoint.identification.algorithm = https
	ssl.engine.factory.class = null
	ssl.key.password = null
	ssl.keymanager.algorithm = SunX509
	ssl.keystore.certificate.chain = null
	ssl.keystore.key = null
	ssl.keystore.location = null
	ssl.keystore.password = null
	ssl.keystore.type = JKS
	ssl.protocol = TLSv1.3
	ssl.provider = null
	ssl.secure.random.implementation = null
	ssl.trustmanager.algorithm = PKIX
	ssl.truststore.certificates = null
	ssl.truststore.location = null
	ssl.truststore.password = null
	ssl.truststore.type = JKS
	value.deserializer = class org.apache.kafka.common.serialization.StringDeserializer

2026-06-13T18:04:11.791+07:00  INFO 27164 --- [order-service] [           main] o.a.k.c.t.i.KafkaMetricsCollector        : initializing Kafka metrics collector
2026-06-13T18:04:12.033+07:00  INFO 27164 --- [order-service] [           main] o.a.kafka.common.config.AbstractConfig   : These configurations '[spring.json.trusted.packages]' were supplied but are not used yet.
2026-06-13T18:04:12.035+07:00  INFO 27164 --- [order-service] [           main] o.a.kafka.common.utils.AppInfoParser     : Kafka version: 4.1.2
2026-06-13T18:04:12.035+07:00  INFO 27164 --- [order-service] [           main] o.a.kafka.common.utils.AppInfoParser     : Kafka commitId: c82fd9b934b4c1e6
2026-06-13T18:04:12.036+07:00  INFO 27164 --- [order-service] [           main] o.a.kafka.common.utils.AppInfoParser     : Kafka startTimeMs: 1781348652033
2026-06-13T18:04:12.041+07:00  INFO 27164 --- [order-service] [           main] o.a.k.c.c.i.ClassicKafkaConsumer         : [Consumer clientId=consumer-vdt-demo-1, groupId=vdt-demo] Subscribed to topic(s): demo.orders
2026-06-13T18:04:12.062+07:00  INFO 27164 --- [order-service] [           main] com.pm.demo.DemoApplicationTests         : Started DemoApplicationTests in 5.847 seconds (process running for 6.9)
2026-06-13T18:04:12.347+07:00  INFO 27164 --- [order-service] [           main] c.p.s.endpoint.EndpointManifestStore     : Wrote endpoint manifest: .\.vdt-share\order-service\endpoints.json
2026-06-13T18:04:12.347+07:00  INFO 27164 --- [order-service] [           main] c.p.sharedlib.endpoint.EndpointRegistry  : Initialized endpoint registry: exposedApis=3, clientApis=1
>>> Kafka SEND: {"eventType":"SERVICE_STARTED","serviceName":"order-service","serviceUrl":"http://localhost:8082","exposedApis":[{"endpointId":"7459c7df-9824-4063-8bd4-0fbfda41cbaa","endpointKey":"EXPOSED:HTTP:POST:/api/orders","name":"create-order-v2","path":"/api/orders","destinationUrl":null,"topic":null,"method":"POST","protocol":"HTTP"},{"endpointId":"5d72dd70-cd77-4375-a3ef-23815226406a","endpointKey":"EXPOSED:HTTP:GET:/api/orders","name":"get-orders","path":"/api/orders","destinationUrl":null,"topic":null,"method":"GET","protocol":"HTTP"},{"endpointId":"c2289336-f615-41b0-b694-0b99d6e0423e","endpointKey":"EXPOSED:MQ:demo.orders:com.pm.demo.OrderMqListener#onCreateOrder","name":"create-order-mq","path":null,"destinationUrl":null,"topic":"demo.orders","method":null,"protocol":"MQ"}],"clientApis":[{"endpointId":"b9cc22c8-87cb-49ad-a293-cef474779db1","endpointKey":"CLIENT:HTTP:POST:https://partner.com/webhook","name":"notify-partner","path":null,"destinationUrl":"https://partner.com/webhook","topic":null,"method":"POST","protocol":"HTTP"}]}
2026-06-13T18:04:12.435+07:00  INFO 27164 --- [order-service] [           main] o.a.kafka.common.config.AbstractConfig   : ProducerConfig values: 
	acks = -1
	batch.size = 16384
	bootstrap.servers = [localhost:9092]
	buffer.memory = 33554432
	client.dns.lookup = use_all_dns_ips
	client.id = order-service-producer-1
	compression.gzip.level = -1
	compression.lz4.level = 9
	compression.type = none
	compression.zstd.level = 3
	connections.max.idle.ms = 540000
	delivery.timeout.ms = 120000
	enable.idempotence = true
	enable.metrics.push = true
	interceptor.classes = []
	key.serializer = class org.apache.kafka.common.serialization.StringSerializer
	linger.ms = 5
	max.block.ms = 60000
	max.in.flight.requests.per.connection = 5
	max.request.size = 1048576
	metadata.max.age.ms = 300000
	metadata.max.idle.ms = 300000
	metadata.recovery.rebootstrap.trigger.ms = 300000
	metadata.recovery.strategy = rebootstrap
	metric.reporters = [org.apache.kafka.common.metrics.JmxReporter]
	metrics.num.samples = 2
	metrics.recording.level = INFO
	metrics.sample.window.ms = 30000
	partitioner.adaptive.partitioning.enable = true
	partitioner.availability.timeout.ms = 0
	partitioner.class = null
	partitioner.ignore.keys = false
	receive.buffer.bytes = 32768
	reconnect.backoff.max.ms = 1000
	reconnect.backoff.ms = 50
	request.timeout.ms = 30000
	retries = 2147483647
	retry.backoff.max.ms = 1000
	retry.backoff.ms = 100
	sasl.client.callback.handler.class = null
	sasl.jaas.config = null
	sasl.kerberos.kinit.cmd = /usr/bin/kinit
	sasl.kerberos.min.time.before.relogin = 60000
	sasl.kerberos.service.name = null
	sasl.kerberos.ticket.renew.jitter = 0.05
	sasl.kerberos.ticket.renew.window.factor = 0.8
	sasl.login.callback.handler.class = null
	sasl.login.class = null
	sasl.login.connect.timeout.ms = null
	sasl.login.read.timeout.ms = null
	sasl.login.refresh.buffer.seconds = 300
	sasl.login.refresh.min.period.seconds = 60
	sasl.login.refresh.window.factor = 0.8
	sasl.login.refresh.window.jitter = 0.05
	sasl.login.retry.backoff.max.ms = 10000
	sasl.login.retry.backoff.ms = 100
	sasl.mechanism = GSSAPI
	sasl.oauthbearer.assertion.algorithm = RS256
	sasl.oauthbearer.assertion.claim.aud = null
	sasl.oauthbearer.assertion.claim.exp.seconds = 300
	sasl.oauthbearer.assertion.claim.iss = null
	sasl.oauthbearer.assertion.claim.jti.include = false
	sasl.oauthbearer.assertion.claim.nbf.seconds = 60
	sasl.oauthbearer.assertion.claim.sub = null
	sasl.oauthbearer.assertion.file = null
	sasl.oauthbearer.assertion.private.key.file = null
	sasl.oauthbearer.assertion.private.key.passphrase = null
	sasl.oauthbearer.assertion.template.file = null
	sasl.oauthbearer.client.credentials.client.id = null
	sasl.oauthbearer.client.credentials.client.secret = null
	sasl.oauthbearer.clock.skew.seconds = 30
	sasl.oauthbearer.expected.audience = null
	sasl.oauthbearer.expected.issuer = null
	sasl.oauthbearer.header.urlencode = false
	sasl.oauthbearer.jwks.endpoint.refresh.ms = 3600000
	sasl.oauthbearer.jwks.endpoint.retry.backoff.max.ms = 10000
	sasl.oauthbearer.jwks.endpoint.retry.backoff.ms = 100
	sasl.oauthbearer.jwks.endpoint.url = null
	sasl.oauthbearer.jwt.retriever.class = class org.apache.kafka.common.security.oauthbearer.DefaultJwtRetriever
	sasl.oauthbearer.jwt.validator.class = class org.apache.kafka.common.security.oauthbearer.DefaultJwtValidator
	sasl.oauthbearer.scope = null
	sasl.oauthbearer.scope.claim.name = scope
	sasl.oauthbearer.sub.claim.name = sub
	sasl.oauthbearer.token.endpoint.url = null
	security.protocol = PLAINTEXT
	security.providers = null
	send.buffer.bytes = 131072
	socket.connection.setup.timeout.max.ms = 30000
	socket.connection.setup.timeout.ms = 10000
	ssl.cipher.suites = null
	ssl.enabled.protocols = [TLSv1.2, TLSv1.3]
	ssl.endpoint.identification.algorithm = https
	ssl.engine.factory.class = null
	ssl.key.password = null
	ssl.keymanager.algorithm = SunX509
	ssl.keystore.certificate.chain = null
	ssl.keystore.key = null
	ssl.keystore.location = null
	ssl.keystore.password = null
	ssl.keystore.type = JKS
	ssl.protocol = TLSv1.3
	ssl.provider = null
	ssl.secure.random.implementation = null
	ssl.trustmanager.algorithm = PKIX
	ssl.truststore.certificates = null
	ssl.truststore.location = null
	ssl.truststore.password = null
	ssl.truststore.type = JKS
	transaction.timeout.ms = 60000
	transaction.two.phase.commit.enable = false
	transactional.id = null
	value.serializer = class org.apache.kafka.common.serialization.StringSerializer

2026-06-13T18:04:12.438+07:00  INFO 27164 --- [order-service] [           main] o.a.k.c.t.i.KafkaMetricsCollector        : initializing Kafka metrics collector
2026-06-13T18:04:12.473+07:00  INFO 27164 --- [order-service] [           main] o.a.k.clients.producer.KafkaProducer     : [Producer clientId=order-service-producer-1] Instantiated an idempotent producer.
2026-06-13T18:04:12.518+07:00  INFO 27164 --- [order-service] [           main] o.a.kafka.common.utils.AppInfoParser     : Kafka version: 4.1.2
2026-06-13T18:04:12.518+07:00  INFO 27164 --- [order-service] [           main] o.a.kafka.common.utils.AppInfoParser     : Kafka commitId: c82fd9b934b4c1e6
2026-06-13T18:04:12.519+07:00  INFO 27164 --- [order-service] [           main] o.a.kafka.common.utils.AppInfoParser     : Kafka startTimeMs: 1781348652518
2026-06-13T18:04:12.887+07:00  INFO 27164 --- [order-service] [vice-producer-1] org.apache.kafka.clients.Metadata        : [Producer clientId=order-service-producer-1] Cluster ID: vdt-shared-lib-demo-cluster
2026-06-13T18:04:12.887+07:00  INFO 27164 --- [order-service] [ntainer#0-0-C-1] org.apache.kafka.clients.Metadata        : [Consumer clientId=consumer-vdt-demo-1, groupId=vdt-demo] Cluster ID: vdt-shared-lib-demo-cluster
2026-06-13T18:04:12.888+07:00  INFO 27164 --- [order-service] [vice-producer-1] o.a.k.c.p.internals.TransactionManager   : [Producer clientId=order-service-producer-1] ProducerId set to 1001 with epoch 0
2026-06-13T18:04:12.894+07:00  INFO 27164 --- [order-service] [ntainer#0-0-C-1] o.a.k.c.c.internals.ConsumerCoordinator  : [Consumer clientId=consumer-vdt-demo-1, groupId=vdt-demo] Discovered group coordinator localhost:9092 (id: 2147483646 rack: null isFenced: false)
2026-06-13T18:04:12.896+07:00  INFO 27164 --- [order-service] [ntainer#0-0-C-1] o.a.k.c.c.internals.ConsumerCoordinator  : [Consumer clientId=consumer-vdt-demo-1, groupId=vdt-demo] (Re-)joining group
2026-06-13T18:04:12.929+07:00  INFO 27164 --- [order-service] [ntainer#0-0-C-1] o.a.k.c.c.internals.ConsumerCoordinator  : [Consumer clientId=consumer-vdt-demo-1, groupId=vdt-demo] Request joining group due to: need to re-join with the given member-id: consumer-vdt-demo-1-30ecf411-02c1-49a5-99a5-e6b0f05da4b6
2026-06-13T18:04:12.930+07:00  INFO 27164 --- [order-service] [ntainer#0-0-C-1] o.a.k.c.c.internals.ConsumerCoordinator  : [Consumer clientId=consumer-vdt-demo-1, groupId=vdt-demo] (Re-)joining group
Sent successfully
]]></system-out>
  </testcase>
</testsuite>